0 info it worked if it ends with ok
1 verbose cli [ '/usr/local/bin/node',
1 verbose cli   '/usr/local/bin/npm',
1 verbose cli   'install',
1 verbose cli   '--production' ]
2 info using npm@2.14.12
3 info using node@v4.2.6
4 verbose readDependencies loading dependencies from /Sites/windmaomao/proture/admin/package.json
5 error install Couldn't read dependencies
6 verbose stack Error: Failed to parse json
6 verbose stack Trailing comma in object at 13:3
6 verbose stack   },
6 verbose stack   ^
6 verbose stack     at parseError (/usr/local/lib/node_modules/npm/node_modules/read-package-json/read-json.js:379:11)
6 verbose stack     at parseJson (/usr/local/lib/node_modules/npm/node_modules/read-package-json/read-json.js:68:23)
6 verbose stack     at /usr/local/lib/node_modules/npm/node_modules/read-package-json/read-json.js:48:5
6 verbose stack     at /usr/local/lib/node_modules/npm/node_modules/graceful-fs/graceful-fs.js:76:16
6 verbose stack     at FSReqWrap.readFileAfterClose [as oncomplete] (fs.js:380:3)
7 verbose cwd /Sites/windmaomao/proture/admin
8 error Darwin 14.5.0
9 error argv "/usr/local/bin/node" "/usr/local/bin/npm" "install" "--production"
10 error node v4.2.6
11 error npm  v2.14.12
12 error file /Sites/windmaomao/proture/admin/package.json
13 error code EJSONPARSE
14 error Failed to parse json
14 error Trailing comma in object at 13:3
14 error   },
14 error   ^
15 error File: /Sites/windmaomao/proture/admin/package.json
16 error Failed to parse package.json data.
16 error package.json must be actual JSON, not just JavaScript.
16 error
16 error This is not a bug in npm.
16 error Tell the package author to fix their package.json file. JSON.parse
17 verbose exit [ 1, true ]
